-98.355 -97.181 -99.204 -103.539 -100.145 -99.586 -111.360 -108.223
-98.355 -97.181 -99.204 -103.539 -100.145 -99.586 -111.360 -108.223
-98.355 -97.181 -99.204 -103.539 -100.145 -99.586 -111.360 -108.223
-98.355 -97.181 -99.204 -103.539 -100.145 -99.586 -111.360 -108.223
-98.355 -97.181 -99.204 -103.539 -100.145 -99.586 -111.360 -108.223
-98.355 -97.181 -99.204 -103.539 -100.145 -99.586 -111.360 -108.223
-98.355 -97.181 -99.204 -103.539 -100.145 -99.586 -111.360 -108.223
-98.355 -97.181 -99.204 -103.539 -100.145 -99.586 -111.360 -108.223
-98.355 -97.181 -99.204 -103.539 -100.145 -99.586 -111.360 -108.223
-98.355 -97.181 -99.204 -103.539 -100.145 -99.586 -111.360 -108.223
-98.355 -97.181 -99.204 -103.539 -100.145 -99.586 -111.360 -108.223
-98.355 -97.181 -99.204 -103.539 -100.145 -99.586 -111.360 -108.223
-98.355 -97.181 -99.204 -103.539 -100.145 -99.586 -111.360 -108.223
-98.355 -97.181 -99.204 -103.539 -100.145 -99.586 -111.360 -108.223
-98.355 -97.181 -99.204 -103.539 -100.145 -99.586 -111.360 -108.223
-98.355 -97.181 -99.204 -103.539 -100.145 -99.586 -111.360 -108.223
-98.355 -97.181 -99.204 -103.539 -100.145 -99.586 -111.360 -108.223
-98.355 -97.181 -99.204 -103.539 -100.145 -99.586 -111.360 -108.223
-98.355 -97.181 -99.204 -103.539 -100.145 -99.586 -111.360 -108.223
-98.355 -97.181 -99.204 -103.539 -100.145 -99.586 -111.360 -108.223
-98.355 -97.181 -99.204 -103.539 -100.145 -99.586 -111.360 -108.223
-98.355 -97.181 -99.204 -103.539 -100.145 -99.586 -111.360 -108.223
-98.355 -97.181 -99.204 -103.539 -100.145 -99.586 -111.360 -108.223
-98.355 -97.181 -99.204 -103.539 -100.145 -99.586 -111.360 -108.223
-98.355 -97.181 -99.204 -103.539 -100.145 -99.586 -111.360 -108.223
-98.355 -97.181 -99.204 -103.539 -100.145 -99.586 -111.360 -108.223
-98.355 -97.181 -99.204 -103.539 -100.145 -99.586 -111.360 -108.223
-98.355 -97.181 -99.204 -103.539 -100.145 -99.586 -111.360 -108.223
-98.355 -97.181 -99.204 -103.539 -100.145 -99.586 -111.360 -108.223
-98.355 -97.181 -99.204 -103.539 -100.145 -99.586 -111.360 -108.223
-98.355 -97.181 -99.204 -103.539 -100.145 -99.586 -111.360 -108.223
-98.355 -97.181 -99.204 -103.539 -100.145 -99.586 -111.360 -108.223
-98.355 -97.181 -99.204 -103.539 -100.145 -99.586 -111.360 -108.223
-98.355 -97.181 -99.204 -103.539 -100.145 -99.586 -111.360 -108.223
-98.355 -97.181 -99.204 -103.539 -100.145 -99.586 -111.360 -108.223
-98.355 -97.181 -99.204 -103.539 -100.145 -99.586 -111.360 -108.223
-98.355 -97.181 -99.204 -103.539 -100.145 -99.586 -111.360 -108.223
-98.355 -97.181 -99.204 -103.539 -100.145 -99.586 -111.360 -108.223
-98.355 -97.181 -99.204 -103.539 -100.145 -99.586 -111.360 -108.223
-98.355 -97.181 -99.204 -103.539 -100.145 -99.586 -111.360 -108.223
-98.355 -97.181 -99.204 -103.539 -100.145 -99.586 -111.360 -108.223
-98.355 -97.181 -99.204 -103.539 -100.145 -99.586 -111.360 -108.223
-98.355 -97.181 -99.204 -103.539 -100.145 -99.586 -111.360 -108.223
-98.355 -97.181 -99.204 -103.539 -100.145 -99.586 -111.360 -108.223
-98.355 -97.181 -99.204 -103.539 -100.145 -99.586 -111.360 -108.223
-98.355 -97.181 -99.204 -103.539 -100.145 -99.586 -111.360 -108.223
-98.355 -97.181 -99.204 -103.539 -100.145 -99.586 -111.360 -108.223
-98.355 -97.181 -99.204 -103.539 -100.145 -99.586 -111.360 -108.223
-98.355 -97.181 -99.204 -103.539 -100.145 -99.586 -111.360 -108.223
-98.355 -97.181 -99.204 -103.539 -100.145 -99.586 -111.360 -108.223
-98.355 -97.181 -99.204 -103.539 -100.145 -99.586 -111.360 -108.223
-98.355 -97.181 -99.204 -103.539 -100.145 -99.586 -111.360 -108.223
-98.355 -97.181 -99.204 -103.539 -100.145 -99.586 -111.360 -108.223
-98.355 -97.181 -99.204 -103.539 -100.145 -99.586 -111.360 -108.223
-98.355 -97.181 -99.204 -103.539 -100.145 -99.586 -111.360 -108.223
-98.355 -97.181 -99.204 -103.539 -100.145 -99.586 -111.360 -108.223
-98.355 -97.181 -99.204 -103.539 -100.145 -99.586 -111.360 -108.223
-98.355 -97.181 -99.204 -103.539 -100.145 -99.586 -111.360 -108.223
-98.355 -97.181 -99.204 -103.539 -100.145 -99.586 -111.360 -108.223
-98.355 -97.181 -99.204 -103.539 -100.145 -99.586 -111.360 -108.223
-98.355 -97.181 -99.204 -103.539 -100.145 -99.586 -111.360 -108.223
-98.355 -97.181 -99.204 -103.539 -100.145 -99.586 -111.360 -108.223
-98.355 -97.181 -99.204 -103.539 -100.145 -99.586 -111.360 -108.223
-98.355 -97.181 -99.204 -103.539 -100.145 -99.586 -111.360 -108.223
-98.355 -97.181 -99.204 -103.539 -100.145 -99.586 -111.360 -108.223
-98.355 -97.181 -99.204 -103.539 -100.145 -99.586 -111.360 -108.223
-98.355 -97.181 -99.204 -103.539 -100.145 -99.586 -111.360 -108.223
-98.355 -97.181 -99.204 -103.539 -100.145 -99.586 -111.360 -108.223
-98.355 -97.181 -99.204 -103.539 -100.145 -99.586 -111.360 -108.223
-98.355 -97.181 -99.204 -103.539 -100.145 -99.586 -111.360 -108.223
-98.355 -97.181 -99.204 -103.539 -100.145 -99.586 -111.360 -108.223
-98.355 -97.181 -99.204 -103.539 -100.145 -99.586 -111.360 -108.223
-98.355 -97.181 -99.204 -103.539 -100.145 -99.586 -111.360 -108.223
-98.355 -97.181 -99.204 -103.539 -100.145 -99.586 -111.360 -108.223
-98.355 -97.181 -99.204 -103.539 -100.145 -99.586 -111.360 -108.223
-98.355 -97.181 -99.204 -103.539 -100.145 -99.586 -111.360 -108.223
-98.355 -97.181 -99.204 -103.539 -100.145 -99.586 -111.360 -108.223
-98.355 -97.181 -99.204 -103.539 -100.145 -99.586 -111.360 -108.223
-98.355 -97.181 -99.204 -103.539 -100.145 -99.586 -111.360 -108.223
-98.355 -97.181 -99.204 -103.539 -100.145 -99.586 -111.360 -108.223
-98.355 -97.181 -99.204 -103.539 -100.145 -99.586 -111.360 -108.223
-98.355 -97.181 -99.204 -103.539 -100.145 -99.586 -111.360 -108.223
-98.355 -97.181 -99.204 -103.539 -100.145 -99.586 -111.360 -108.223
-98.355 -97.181 -99.204 -103.539 -100.145 -99.586 -111.360 -108.223
-98.355 -97.181 -99.204 -103.539 -100.145 -99.586 -111.360 -108.223
-98.355 -97.181 -99.204 -103.539 -100.145 -99.586 -111.360 -108.223
-98.355 -97.181 -99.204 -103.539 -100.145 -99.586 -111.360 -108.223
-98.355 -97.181 -99.204 -103.539 -100.145 -99.586 -111.360 -108.223
-98.355 -97.181 -99.204 -103.539 -100.145 -99.586 -111.360 -108.223
-98.355 -97.181 -99.204 -103.539 -100.145 -99.586 -111.360 -108.223
-98.355 -97.181 -99.204 -103.539 -100.145 -99.586 -111.360 -108.223
-98.355 -97.181 -99.204 -103.539 -100.145 -99.586 -111.360 -108.223
-98.355 -97.181 -99.204 -103.539 -100.145 -99.586 -111.360 -108.223
-98.355 -97.181 -99.204 -103.539 -100.145 -99.586 -111.360 -108.223
-98.355 -97.181 -99.204 -103.539 -100.145 -99.586 -111.360 -108.223
-98.355 -97.181 -99.204 -103.539 -100.145 -99.586 -111.360 -108.223
-98.355 -97.181 -99.204 -103.539 -100.145 -99.586 -111.360 -108.223
-98.355 -97.181 -99.204 -103.539 -100.145 -99.586 -111.360 -108.223
-98.355 -97.181 -99.204 -103.539 -100.145 -99.586 -111.360 -108.223
-98.355 -97.181 -99.204 -103.539 -100.145 -99.586 -111.360 -108.223
-98.355 -97.181 -99.204 -103.539 -100.145 -99.586 -111.360 -108.223
-98.355 -97.181 -99.204 -103.539 -100.145 -99.586 -111.360 -108.223
-98.355 -97.181 -99.204 -103.539 -100.145 -99.586 -111.360 -108.223
-98.355 -97.181 -99.204 -103.539 -100.145 -99.586 -111.360 -108.223
-98.355 -97.181 -99.204 -103.539 -100.145 -99.586 -111.360 -108.223
-98.355 -97.181 -99.204 -103.539 -100.145 -99.586 -111.360 -108.223
-98.355 -97.181 -99.204 -103.539 -100.145 -99.586 -111.360 -108.223
-98.355 -97.181 -99.204 -103.539 -100.145 -99.586 -111.360 -108.223
-98.355 -97.181 -99.204 -103.539 -100.145 -99.586 -111.360 -108.223
-98.355 -97.181 -99.204 -103.539 -100.145 -99.586 -111.360 -108.223
-98.355 -97.181 -99.204 -103.539 -100.145 -99.586 -111.360 -108.223
-98.355 -97.181 -99.204 -103.539 -100.145 -99.586 -111.360 -108.223
-98.355 -97.181 -99.204 -103.539 -100.145 -99.586 -111.360 -108.223
-98.355 -97.181 -99.204 -103.539 -100.145 -99.586 -111.360 -108.223
-98.355 -97.181 -99.204 -103.539 -100.145 -99.586 -111.360 -108.223
-98.355 -97.181 -99.204 -103.539 -100.145 -99.586 -111.360 -108.223
-98.355 -97.181 -99.204 -103.539 -100.145 -99.586 -111.360 -108.223
-98.355 -97.181 -99.204 -103.539 -100.145 -99.586 -111.360 -108.223
-98.355 -97.181 -99.204 -103.539 -100.145 -99.586 -111.360 -108.223
-98.355 -97.181 -99.204 -103.539 -100.145 -99.586 -111.360 -108.223
-98.355 -97.181 -99.204 -103.539 -100.145 -99.586 -111.360 -108.223
-98.355 -97.181 -99.204 -103.539 -100.145 -99.586 -111.360 -108.223
-98.355 -97.181 -99.204 -103.539 -100.145 -99.586 -111.360 -108.223
-98.355 -97.181 -99.204 -103.539 -100.145 -99.586 -111.360 -108.223
-98.355 -97.181 -99.204 -103.539 -100.145 -99.586 -111.360 -108.223
-98.355 -97.181 -99.204 -103.539 -100.145 -99.586 -111.360 -108.223
-98.355 -97.181 -99.204 -103.539 -100.145 -99.586 -111.360 -108.223
-98.355 -97.181 -99.204 -103.539 -100.145 -99.586 -111.360 -108.223
-98.355 -97.181 -99.204 -103.539 -100.145 -99.586 -111.360 -108.223
-98.355 -97.181 -99.204 -103.539 -100.145 -99.586 -111.360 -108.223
-98.355 -97.181 -99.204 -103.539 -100.145 -99.586 -111.360 -108.223
-98.355 -97.181 -99.204 -103.539 -100.145 -99.586 -111.360 -108.223
-98.355 -97.181 -99.204 -103.539 -100.145 -99.586 -111.360 -108.223
-98.355 -97.181 -99.204 -103.539 -100.145 -99.586 -111.360 -108.223
-98.355 -97.181 -99.204 -103.539 -100.145 -99.586 -111.360 -108.223
-98.355 -97.181 -99.204 -103.539 -100.145 -99.586 -111.360 -108.223
-98.355 -97.181 -99.204 -103.539 -100.145 -99.586 -111.360 -108.223
-98.355 -97.181 -99.204 -103.539 -100.145 -99.586 -111.360 -108.223
-98.355 -97.181 -99.204 -103.539 -100.145 -99.586 -111.360 -108.223
-98.355 -97.181 -99.204 -103.539 -100.145 -99.586 -111.360 -108.223
-98.355 -97.181 -99.204 -103.539 -100.145 -99.586 -111.360 -108.223
-98.355 -97.181 -99.204 -103.539 -100.145 -99.586 -111.360 -108.223
-98.355 -97.181 -99.204 -103.539 -100.145 -99.586 -111.360 -108.223
-98.355 -97.181 -99.204 -103.539 -100.145 -99.586 -111.360 -108.223
-98.355 -97.181 -99.204 -103.539 -100.145 -99.586 -111.360 -108.223
-98.355 -97.181 -99.204 -103.539 -100.145 -99.586 -111.360 -108.223
-98.355 -97.181 -99.204 -103.539 -100.145 -99.586 -111.360 -108.223
-98.699 -112.768 -97.620 -99.353 -101.032 -103.162 -93.342 -106.584
-100.164 -105.617 -99.883 -102.922 -104.431 -101.296 -92.806 -104.126
-102.362 -102.626 -102.638 -109.239 -108.279 -100.203 -92.862 -102.760
-104.190 -102.103 -103.421 -111.741 -109.985 -100.071 -93.612 -102.919
-103.137 -103.777 -101.466 -104.922 -108.581 -101.039 -95.213 -104.058
-100.531 -108.577 -99.555 -101.195 -106.631 -103.458 -97.872 -103.889
-98.445 -109.729 -98.583 -99.136 -104.507 -108.223 -101.190 -101.084
-97.219 -102.287 -98.583 -98.014 -102.067 -112.592 -101.341 -98.209
-96.806 -97.948 -99.570 -97.465 -99.627 -106.331 -98.218 -96.355
-97.164 -95.455 -101.720 -97.238 -97.546 -102.145 -95.758 -95.619
-98.296 -94.155 -105.575 -97.153 -95.988 -99.961 -94.444 -96.075
-100.203 -93.804 -112.236 -97.135 -95.000 -99.075 -94.103 -98.080
-102.603 -94.341 -111.718 -97.250 -94.588 -99.247 -94.572 -103.005
-104.110 -95.839 -106.064 -97.673 -94.750 -100.489 -95.586 -120.444
-103.382 -98.546 -103.093 -98.642 -95.473 -103.084 -96.442 -102.284
-101.972 -102.974 -101.652 -100.469 -96.688 -107.994 -96.145 -96.541
-101.225 -108.136 -101.225 -103.622 -98.152 -119.529 -94.853 -93.704
-101.493 -105.661 -101.600 -108.031 -99.339 -112.826 -93.579 -92.374
-102.993 -102.366 -102.596 -106.917 -99.825 -107.380 -92.883 -92.177
-106.293 -100.968 -103.641 -102.334 -99.975 -105.683 -92.952 -93.068
-113.444 -100.802 -103.350 -99.338 -100.568 -106.311 -93.913 -95.248
-115.785 -101.000 -101.300 -97.652 -102.209 -109.930 -95.998 -99.313
-107.551 -100.348 -98.859 -96.935 -104.897 -124.321 -99.759 -105.221
-103.975 -98.603 -96.846 -97.022 -104.827 -109.767 -106.250 -102.258
-102.425 -96.751 -95.429 -97.846 -100.653 -102.883 -106.483 -97.977
-102.213 -95.440 -94.607 -99.369 -97.149 -99.165 -101.201 -96.064
-103.170 -94.857 -94.368 -101.493 -94.904 -96.905 -98.756 -95.863
-105.253 -95.067 -94.728 -103.809 -93.693 -95.589 -98.208 -97.241
-107.650 -96.168 -95.746 -105.407 -93.388 -95.002 -99.246 -100.323
-106.998 -98.388 -97.549 -105.833 -93.979 -95.047 -101.934 -102.702
-103.908 -102.245 -100.382 -105.733 -95.592 -95.685 -104.770 -99.059
-101.315 -107.949 -104.670 -105.268 -98.582 -96.919 -101.937 -95.381
-99.601 -106.586 -109.762 -103.793 -103.733 -98.782 -97.953 -93.265
-98.582 -102.155 -108.726 -101.387 -108.445 -101.329 -95.389 -92.429
-98.057 -99.886 -105.783 -98.914 -103.712 -104.516 -94.001 -92.747
-97.837 -99.205 -104.687 -96.875 -100.618 -107.352 -93.545 -94.343
-97.732 -99.890 -105.367 -95.388 -99.770 -106.947 -93.904 -97.757
-97.587 -102.200 -108.155 -94.439 -100.843 -104.140 -95.030 -104.497
-97.334 -107.558 -115.144 -93.996 -104.513 -101.395 -96.848 -104.572
-97.020 -126.011 -117.093 -94.040 -115.918 -99.215 -98.956 -98.203
-96.750 -106.392 -108.418 -94.578 -108.292 -97.616 -100.143 -95.190
-96.635 -100.852 -104.691 -95.665 -101.350 -96.591 -99.647 -94.081
-96.758 -98.018 -103.076 -97.438 -98.328 -96.155 -98.678 -94.442
-97.188 -96.541 -102.935 -100.232 -97.153 -96.350 -98.278 -96.407
-97.992 -96.023 -104.267 -105.010 -97.347 -97.260 -98.811 -100.997
-99.248 -96.333 -107.724 -117.443 -98.795 -99.044 -100.563 -113.460
-101.029 -97.436 -116.080 -110.835 -101.105 -101.984 -104.255 -102.862
-103.240 -99.201 -112.865 -103.595 -101.740 -106.334 -112.812 -97.062
-104.958 -100.725 -105.692 -100.357 -99.239 -109.168 -110.807 -94.453
-104.423 -100.121 -102.321 -98.759 -96.778 -106.357 -103.082 -93.474
-102.375 -97.960 -100.770 -98.266 -95.445 -103.938 -99.413 -93.732
-100.500 -96.033 -100.561 -98.765 -95.299 -103.090 -97.440 -95.222
-99.279 -94.878 -101.718 -100.392 -96.425 -103.486 -96.552 -98.294
-98.752 -94.569 -104.681 -103.658 -99.154 -104.497 -96.575 -104.215
-98.915 -95.169 -109.202 -110.061 -103.495 -104.526 -97.566 -113.636
-99.808 -96.892 -105.719 -111.812 -102.666 -102.695 -99.863 -105.009
-101.556 -100.366 -100.373 -104.697 -98.020 -100.533 -104.648 -101.349
-104.436 -108.242 -97.021 -101.060 -95.140 -99.026 -119.576 -100.434
-108.957 -112.844 -94.993 -99.218 -93.771 -98.340 -106.119 -100.962
-113.866 -102.180 -93.927 -98.484 -93.617 -98.422 -99.919 -101.190
-111.223 -98.321 -93.685 -98.541 -94.632 -99.129 -96.865 -99.129
-107.981 -96.602 -94.261 -99.139 -96.952 -100.110 -95.324 -96.246
-106.615 -96.162 -95.782 -99.933 -100.376 -100.737 -94.866 -94.030
-106.712 -96.662 -98.623 -100.493 -101.095 -100.692 -95.401 -92.712
-108.048 -97.722 -103.920 -100.651 -97.842 -100.555 -97.056 -92.248
-110.050 -98.462 -114.668 -100.727 -95.308 -101.202 -100.253 -92.599
-110.158 -97.915 -105.835 -101.193 -94.152 -103.534 -105.586 -93.774
-107.421 -96.584 -100.889 -102.321 -94.265 -108.589 -106.062 -95.794
-104.648 -95.522 -98.825 -103.822 -95.747 -105.730 -100.981 -98.515
-102.711 -95.217 -98.365 -103.940 -99.213 -98.950 -98.063 -100.977
-101.556 -95.890 -99.198 -101.687 -107.685 -94.767 -96.839 -101.646
-101.063 -97.855 -101.315 -99.088 -109.580 -92.101 -96.971 -101.515
-101.145 -101.999 -104.381 -97.197 -100.203 -90.453 -98.548 -102.471
-101.732 -113.355 -105.247 -96.131 -96.756 -89.614 -102.330 -105.849
-102.707 -108.341 -102.598 -95.854 -95.452 -89.505 -111.608 -112.000
-103.752 -100.916 -100.341 -96.345 -95.579 -90.136 -106.382 -105.119
-104.197 -97.949 -99.347 -97.589 -96.943 -91.616 -99.461 -99.577
-103.537 -96.897 -99.564 -99.399 -99.220 -94.229 -96.032 -96.583
-102.199 -97.262 -100.967 -100.807 -100.465 -98.763 -94.167 -95.096
-100.894 -99.091 -103.427 -100.278 -98.716 -108.702 -93.279 -94.752
-99.990 -102.858 -105.373 -98.525 -96.539 -107.784 -93.106 -95.449
-99.628 -107.518 -104.118 -97.034 -95.388 -100.491 -93.478 -97.179
-99.893 -103.755 -102.040 -96.278 -95.454 -97.917 -94.213 -99.643
-100.908 -99.537 -101.138 -96.346 -96.896 -97.338 -95.059 -100.872
-102.926 -97.303 -101.863 -97.325 -100.193 -98.186 -95.728 -99.224
-106.591 -96.459 -105.031 -99.455 -105.397 -100.266 -96.080 -97.234
-114.397 -96.746 -116.032 -103.381 -102.922 -102.673 -96.256 -96.232
-118.388 -98.157 -109.118 -110.230 -98.105 -102.376 -96.525 -96.404
-108.494 -100.962 -101.023 -107.804 -95.506 -99.991 -97.072 -97.928
-104.589 -106.140 -97.216 -102.163 -94.458 -98.217 -97.905 -101.440
-102.672 -120.367 -95.190 -99.190 -94.629 -97.540 -98.774 -109.896
-101.885 -111.982 -94.350 -97.717 -95.888 -97.905 -99.117 -111.555
-101.898 -105.702 -94.525 -97.295 -97.862 -99.174 -98.520 -102.567
-102.515 -102.866 -95.759 -97.793 -98.754 -100.807 -97.308 -99.280
-103.540 -101.024 -98.346 -99.277 -97.056 -101.253 -96.066 -98.154
-104.730 -99.493 -103.245 -102.075 -94.904 -99.908 -95.128 -98.497
-105.883 -98.215 -114.676 -107.271 -93.598 -98.362 -94.630 -100.062
-107.072 -97.369 -108.404 -121.014 -93.334 -97.566 -94.647 -102.097
-108.763 -97.133 -102.971 -111.370 -94.200 -97.759 -95.267 -102.077
-111.858 -97.585 -101.264 -105.892 -96.474 -99.122 -96.628 -99.922
-118.734 -98.548 -101.540 -104.009 -100.907 -102.122 -98.947 -98.184
-120.259 -99.074 -102.963 -104.093 -106.210 -108.527 -102.288 -97.658
-111.400 -97.858 -103.033 -105.751 -101.028 -124.429 -104.263 -98.597
-107.226 -95.616 -100.243 -107.152 -96.831 -107.065 -101.642 -101.683
-105.017 -93.654 -97.428 -104.079 -94.799 -102.717 -98.759 -109.939
-104.056 -92.403 -95.696 -99.959 -94.214 -101.019 -97.119 -106.954
-104.108 -91.929 -95.115 -96.955 -94.864 -100.773 -96.675 -99.052
-105.092 -92.250 -95.764 -94.992 -96.873 -101.507 -97.448 -95.223
-106.792 -93.396 -98.038 -93.878 -100.907 -102.688 -99.784 -93.149
-107.965 -95.323 -103.411 -93.514 -110.236 -103.436 -104.909 -92.204
-106.641 -97.376 -111.207 -93.884 -111.813 -103.356 -111.501 -92.170
-104.091 -97.613 -100.427 -95.058 -103.422 -103.299 -102.852 -92.999
-101.979 -95.976 -95.507 -97.251 -100.942 -104.342 -98.231 -94.770
-100.628 -94.475 -92.956 -101.026 -100.881 -107.739 -95.960 -97.732
-100.024 -93.897 -91.756 -108.489 -102.582 -115.419 -95.136 -102.466
-100.169 -94.437 -91.597 -117.399 -104.251 -107.319 -95.504 -109.377
-101.175 -96.384 -92.422 -105.619 -101.691 -101.002 -97.018 -108.755
-103.388 -100.660 -94.368 -101.877 -98.044 -97.462 -99.213 -105.416
-107.955 -111.356 -97.858 -100.390 -95.582 -95.387 -99.274 -104.580
-124.022 -104.346 -103.656 -100.113 -94.283 -94.319 -96.253 -105.054
-109.694 -98.112 -105.594 -100.570 -93.996 -94.057 -93.358 -104.567
-102.793 -95.354 -100.789 -101.334 -94.687 -94.470 -91.427 -101.975
-99.134 -94.276 -98.339 -102.000 -96.453 -95.377 -90.388 -99.254
-96.873 -94.338 -97.823 -102.505 -99.533 -96.377 -90.144 -97.377
-95.496 -95.149 -98.907 -103.292 -103.746 -96.838 -90.670 -96.422
-94.800 -95.893 -101.565 -105.064 -104.635 -96.542 -92.026 -96.346
-94.699 -95.372 -104.238 -108.725 -101.695 -96.057 -94.402 -97.168
-95.165 -93.794 -101.986 -112.208 -99.846 -96.023 -98.261 -99.042
-96.187 -92.330 -98.595 -106.628 -99.502 -96.858 -104.705 -102.451
-97.728 -91.559 -96.564 -101.971 -100.482 -98.986 -109.067 -109.210
-99.562 -91.670 -95.807 -99.245 -102.443 -103.158 -103.772 -117.898
-100.979 -92.832 -96.190 -97.834 -103.678 -107.301 -101.432 -105.884
-101.107 -95.407 -97.750 -97.496 -102.136 -101.863 -101.343 -101.007
-100.273 -100.087 -100.701 -98.208 -99.929 -97.458 -102.924 -98.032
-99.401 -102.836 -104.991 -100.161 -98.604 -94.959 -104.874 -95.923
-98.909 -97.469 -106.453 -103.836 -98.340 -93.690 -103.394 -94.372
-98.834 -93.786 -103.690 -108.632 -99.053 -93.351 -100.109 -93.295
-99.075 -91.877 -102.043 -105.809 -100.421 -93.814 -97.742 -92.693
-99.496 -91.221 -102.047 -101.534 -101.282 -95.008 -96.505 -92.603
-100.021 -91.659 -103.107 -99.160 -100.329 -96.768 -96.271 -93.081
-100.717 -93.301 -103.116 -98.118 -98.590 -98.465 -96.972 -94.218
-101.815 -96.699 -100.595 -98.038 -97.380 -98.911 -98.565 -96.162
-103.703 -104.309 -97.853 -98.635 -97.109 -98.069 -100.692 -99.167
-107.031 -110.716 -96.074 -99.472 -97.949 -97.138 -101.717 -103.571
-112.644 -99.071 -95.393 -99.885 -100.192 -96.798 -100.342 -107.943
-112.011 -95.042 -95.878 -99.575 -104.280 -97.254 -98.414 -106.424
-106.437 -93.178 -97.840 -99.056 -106.569 -98.628 -97.150 -103.744
-103.294 -92.564 -102.427 -98.984 -101.904 -101.123 -96.736 -102.141
-101.802 -92.921 -120.144 -99.791 -98.289 -104.967 -97.169 -100.835
-101.547 -94.202 -104.486 -101.920 -96.292 -108.085 -98.477 -99.163
-102.406 -96.542 -98.258 -106.421 -95.449 -105.331 -100.695 -97.237
-104.263 -100.411 -95.488 -118.255 -95.517 -101.955 -103.413 -95.527
-106.049 -107.566 -94.417 -109.935 -96.347 -99.760 -104.270 -94.331
-105.045 -124.928 -94.632 -103.915 -97.709 -98.417 -102.197 -93.771
-102.365 -107.555 -96.058 -101.443 -98.994 -97.641 -99.970 -93.908
-100.261 -103.709 -98.427 -100.791 -99.267 -97.260 -98.582 -94.823
-99.110 -102.475 -99.334 -101.568 -98.513 -97.162 -98.082 -96.654
-98.859 -102.710 -96.681 -103.580 -97.640 -97.250 -98.488 -99.603
-99.458 -104.099 -93.792 -105.307 -97.209 -97.392 -100.009 -103.446
-100.873 -106.171 -91.920 -103.461 -97.365 -97.405 -103.355 -104.810
-102.941 -106.583 -91.040 -100.409 -98.083 -97.134 -112.053 -102.639
-104.874 -103.865 -91.069 -98.310 -99.251 -96.595 -111.658 -101.184
-105.225 -100.872 -92.026 -97.308 -100.673 -95.981 -101.805 -101.420
-104.250 -98.748 -94.085 -97.328 -102.129 -95.530 -97.352 -103.823
-103.224 -97.553 -97.746 -98.403 -103.582 -95.423 -94.686 -109.959
-102.351 -97.285 -104.455 -100.763 -105.323 -95.790 -93.040 -108.123
-101.187 -98.074 -108.472 -105.067 -107.821 -96.746 -92.125 -100.837
-99.514 -100.333 -101.740 -112.700 -110.943 -98.433 -91.811 -96.872
-97.688 -105.199 -98.809 -111.384 -111.025 -101.095 -92.029 -94.610
-96.156 -108.984 -97.978 -106.602 -107.622 -105.219 -92.741 -93.475
-95.154 -101.318 -98.465 -104.940 -104.742 -111.754 -93.912 -93.265
-94.790 -96.639 -99.523 -104.775 -102.754 -115.427 -95.482 -93.948
-95.144 -93.915 -99.583 -104.105 -101.216 -111.226 -97.317 -95.632
-96.337 -92.378 -97.939 -101.465 -99.729 -109.779 -99.134 -98.525
-98.594 -91.728 -96.039 -98.374 -98.156 -110.850 -100.463 -102.064
-102.220 -91.851 -94.813 -95.974 -96.634 -113.512 -100.813 -101.492
-105.895 -92.715 -94.472 -94.434 -95.381 -111.949 -100.046 -97.964
-103.903 -94.319 -95.100 -93.721 -94.555 -107.293 -98.530 -95.410
-100.695 -96.553 -96.885 -93.825 -94.248 -104.015 -96.807 -93.983
-98.985 -98.760 -100.318 -94.816 -94.515 -102.040 -95.262 -93.455
-98.640 -99.557 -106.134 -96.903 -95.390 -100.988 -94.086 -93.698
-99.583 -99.089 -105.820 -100.582 -96.837 -100.540 -93.358 -94.674
-101.973 -98.930 -100.495 -106.363 -98.517 -100.322 -93.112 -96.414
-105.710 -100.036 -97.541 -106.044 -99.432 -99.897 -93.372 -99.009
-106.073 -103.227 -96.141 -101.366 -98.843 -99.026 -94.169 -102.565
-102.101 -108.218 -95.814 -98.936 -97.653 -97.887 -95.559 -106.773
-99.211 -102.967 -96.362 -98.156 -96.834 -96.823 -97.626 -109.408
-97.696 -97.484 -97.715 -98.683 -96.730 -96.066 -100.461 -109.046
-97.271 -94.204 -99.871 -100.446 -97.438 -95.718 -103.854 -107.801
-97.786 -92.257 -102.857 -103.178 -99.001 -95.809 -105.920 -105.739
-99.141 -91.264 -106.642 -104.543 -101.268 -96.338 -104.741 -102.901
-101.010 -91.073 -110.836 -102.466 -103.116 -97.279 -102.808 -100.176
-102.217 -91.660 -113.868 -100.222 -102.676 -98.564 -101.502 -98.054
-101.538 -93.113 -113.407 -99.148 -101.094 -100.039 -100.913 -96.624
-100.047 -95.715 -110.647 -99.343 -100.096 -101.426 -100.981 -95.863
-98.955 -100.289 -107.913 -100.949 -100.156 -102.408 -101.697 -95.744
-98.551 -110.669 -105.914 -104.310 -101.479 -102.896 -103.086 -96.260
-98.780 -108.079 -104.601 -107.346 -104.442 -103.112 -105.066 -97.433
-99.450 -100.999 -103.581 -103.320 -108.755 -103.331 -106.944 -99.311
-100.236 -98.296 -102.286 -99.187 -106.866 -103.701 -107.226 -101.938
-100.763 -97.509 -100.467 -96.654 -102.240 -104.253 -106.207 -105.229
-100.920 -98.194 -98.468 -95.275 -99.376 -104.940 -105.571 -108.559
-100.927 -100.590 -96.733 -94.785 -97.875 -105.670 -106.112 -110.699
-100.980 -106.064 -95.501 -95.069 -97.420 -106.298 -107.691 -111.518
-100.967 -111.424 -94.868 -96.117 -97.900 -106.646 -107.063 -110.901
-100.575 -102.230 -94.896 -98.008 -99.321 -106.553 -102.723 -108.162
-99.745 -97.529 -95.668 -100.930 -101.637 -105.955 -98.729 -104.898
-98.865 -94.929 -97.346 -105.053 -103.815 -104.906 -95.872 -102.326
-98.405 -93.540 -100.275 -108.316 -103.061 -103.538 -93.974 -100.642
-98.736 -93.046 -105.191 -106.213 -100.524 -102.018 -92.884 -99.802
-100.282 -93.327 -110.816 -103.422 -98.539 -100.511 -92.532 -99.759
-103.961 -94.332 -106.766 -101.755 -97.502 -99.159 -92.920 -100.502
-111.306 -95.950 -103.407 -100.979 -97.401 -98.065 -94.125 -102.053
-104.764 -97.634 -102.398 -100.836 -98.293 -97.298 -96.316 -104.428
-98.561 -98.079 -103.394 -101.125 -100.423 -96.900 -99.694 -107.476
-95.034 -96.981 -107.205 -101.624 -104.332 -96.899 -103.243 -110.263
-92.906 -95.669 -122.247 -102.049 -108.126 -97.301 -102.387 -110.217
-91.725 -94.960 -108.525 -102.139 -103.608 -98.066 -99.697 -106.768
-91.307 -95.084 -101.621 -101.896 -99.241 -99.048 -98.242 -102.518
-91.585 -96.159 -98.129 -101.620 -96.573 -99.899 -98.161 -98.753
-92.572 -98.333 -96.160 -101.682 -95.030 -100.159 -99.370 -95.719
-94.354 -101.498 -95.169 -102.413 -94.310 -99.732 -101.430 -93.396
-97.139 -103.094 -94.920 -104.174 -94.271 -99.013 -101.618 -91.724
-101.371 -100.755 -95.274 -107.479 -94.852 -98.401 -98.571 -90.652
-107.744 -98.394 -96.098 -111.371 -96.034 -98.058 -95.541 -90.153
-111.019 -97.325 -97.187 -108.126 -97.816 -97.946 -93.468 -90.227
-107.695 -97.629 -98.224 -103.683 -100.173 -97.884 -92.263 -90.907
-106.777 -99.598 -98.918 -100.976 -102.914 -97.616 -91.778 -92.272
-108.505 -104.542 -99.305 -99.573 -105.412 -96.992 -91.904 -94.487
-111.781 -114.297 -99.743 -99.204 -106.738 -96.097 -92.545 -97.899
-108.488 -102.610 -100.623 -99.752 -106.895 -95.156 -93.579 -103.333
-103.493 -97.266 -102.249 -101.057 -106.579 -94.361 -94.834 -111.169
-100.352 -94.468 -104.831 -102.373 -106.118 -93.817 -96.126 -107.350
-98.561 -93.049 -107.870 -101.995 -105.677 -93.567 -97.429 -103.512
-97.761 -92.655 -108.125 -99.986 -105.569 -93.624 -99.031 -101.921
-97.758 -93.200 -105.560 -98.015 -106.231 -93.988 -101.591 -101.205
-98.415 -94.787 -103.489 -96.741 -108.284 -94.651 -106.614 -100.411
-99.525 -97.801 -102.519 -96.254 -113.137 -95.596 -118.064 -99.158
-100.675 -103.326 -102.591 -96.555 -117.957 -96.769 -106.102 -97.778
-101.297 -108.795 -103.665 -97.670 -109.044 -98.021 -100.470 -96.694
-101.287 -102.034 -105.605 -99.614 -104.035 -99.039 -97.546 -96.083
-101.193 -98.114 -107.230 -102.065 -101.125 -99.416 -95.987 -95.929
-101.604 -96.305 -106.084 -103.350 -99.387 -99.047 -95.315 -96.085
-102.944 -95.846 -103.465 -102.160 -98.404 -98.279 -95.227 -96.305
-105.747 -96.536 -101.387 -100.461 -97.879 -97.523 -95.383 -96.360
-111.184 -98.513 -100.202 -99.496 -97.522 -97.019 -95.373 -96.257
-114.690 -102.470 -99.897 -99.466 -97.098 -96.885 -94.957 -96.255
-107.671 -111.392 -100.508 -100.412 -96.553 -97.188 -94.309 -96.689
-103.570 -109.459 -102.220 -102.440 -96.039 -98.001 -93.799 -97.857
-101.294 -102.120 -105.535 -105.652 -95.781 -99.422 -93.715 -100.023
-100.080 -98.879 -111.134 -108.762 -95.953 -101.604 -94.219 -102.981
-99.578 -97.423 -110.275 -107.526 -96.635 -104.688 -95.391 -103.627
-99.575 -97.194 -104.743 -104.651 -97.751 -107.964 -97.143 -100.675
-99.897 -98.120 -101.513 -102.702 -98.854 -107.942 -98.716 -98.043
-100.363 -100.506 -99.780 -101.626 -99.100 -105.411 -98.515 -96.582
-100.782 -105.399 -99.070 -101.132 -98.333 -103.501 -96.783 -96.187
-100.996 -110.685 -99.153 -100.998 -97.436 -102.639 -95.086 -96.750
-100.935 -103.098 -99.833 -101.120 -97.151 -102.760 -94.005 -98.092
-100.648 -98.329 -100.737 -101.531 -97.903 -103.869 -93.595 -99.449
-100.274 -95.616 -101.153 -102.380 -100.246 -106.121 -93.808 -99.180
-99.979 -94.100 -100.589 -103.861 -105.823 -109.820 -94.588 -97.406
-99.922 -93.455 -99.514 -106.037 -111.360 -114.317 -95.857 -95.744
-100.243 -93.556 -98.640 -107.960 -101.268 -113.840 -97.471 -94.864
-101.072 -94.377 -98.336 -107.201 -96.426 -111.166 -99.142 -94.915
-102.549 -95.957 -98.787 -104.856 -93.734 -110.083 -100.417 -96.031
-104.791 -98.366 -100.200 -103.113 -92.269 -110.028 -100.905 -98.555
-107.598 -101.489 -103.024 -102.456 -91.698 -108.843 -100.562 -103.395
-109.238 -103.996 -108.542 -103.012 -91.874 -105.498 -99.615 -108.860
-108.074 -103.603 -114.015 -105.101 -92.708 -101.970 -98.392 -102.652
-106.389 -101.846 -105.807 -109.569 -94.060 -99.176 -97.217 -98.332
-105.583 -100.296 -101.227 -113.229 -95.564 -97.146 -96.332 -96.054
-105.811 -98.916 -98.647 -106.875 -96.532 -95.771 -95.889 -94.923
-106.836 -97.459 -97.173 -102.577 -96.624 -94.953 -95.983 -94.467
-107.512 -95.970 -96.455 -100.225 -96.437 -94.612 -96.691 -94.310
-106.080 -94.688 -96.328 -99.118 -96.722 -94.679 -98.096 -94.114
-103.480 -93.827 -96.706 -98.957 -97.975 -95.075 -100.277 -93.733
-101.262 -93.529 -97.551 -99.573 -100.753 -95.702 -103.131 -93.299
-99.807 -93.911 -98.854 -100.746 -106.338 -96.433 -105.632 -93.079
-99.122 -95.134 -100.631 -101.975 -110.112 -97.134 -105.979 -93.313
-99.197 -97.530 -102.880 -102.496 -102.761 -97.698 -105.240 -94.191
-100.076 -102.002 -105.328 -102.172 -98.709 -98.078 -105.167 -95.926
-101.893 -113.310 -106.615 -101.640 -96.541 -98.274 -106.024 -98.883
-104.816 -108.825 -105.264 -101.214 -95.418 -98.306 -106.484 -103.811
-107.917 -101.653 -102.762 -100.500 -94.901 -98.221 -104.305 -109.606
-106.695 -98.834 -100.506 -98.932 -94.650 -98.116 -100.989 -105.380
-103.195 -97.872 -98.794 -96.738 -94.412 -98.126 -98.225 -101.600
-100.569 -98.243 -97.649 -94.596 -94.114 -98.391 -96.222 -99.770
-98.887 -99.907 -97.077 -92.893 -93.889 -99.029 -94.859 -98.964
-97.928 -103.112 -97.131 -91.754 -93.958 -100.122 -94.004 -98.506
-97.544 -107.590 -97.932 -91.214 -94.529 -101.703 -93.550 -97.874
-97.661 -107.243 -99.762 -91.304 -95.777 -103.716 -93.418 -96.956
-98.255 -103.561 -103.361 -92.097 -97.865 -105.917 -93.563 -96.038
-99.349 -101.376 -111.968 -93.754 -100.802 -107.716 -93.986 -95.440
-101.015 -100.517 -112.407 -96.661 -103.463 -107.912 -94.743 -95.344
-103.357 -100.505 -103.052 -101.980 -103.306 -105.640 -95.963 -95.823
-106.302 -100.774 -99.057 -118.460 -101.915 -102.193 -97.886 -96.880
-108.365 -100.655 -96.950 -105.664 -101.547 -98.939 -100.987 -98.436
-106.989 -99.964 -95.999 -99.883 -102.866 -96.300 -106.506 -100.269
-104.271 -99.206 -95.970 -97.550 -106.488 -94.328 -114.081 -102.077
-102.020 -98.927 -96.812 -96.889 -108.980 -93.004 -105.985 -103.933
-100.361 -99.467 -98.537 -97.532 -103.114 -92.313 -101.404 -106.815
-99.162 -101.149 -100.918 -99.612 -98.754 -92.275 -99.159 -113.270
-98.320 -104.642 -102.349 -104.020 -96.242 -92.956 -98.294 -111.460
-97.796 -112.630 -100.951 -116.181 -95.006 -94.515 -98.549 -103.188
-97.608 -117.697 -98.750 -108.356 -94.822 -97.304 -99.980 -98.663
-97.824 -107.136 -97.237 -101.600 -95.685 -102.220 -102.977 -95.905
-98.564 -103.745 -96.594 -98.496 -97.827 -109.903 -108.001 -94.277
-100.036 -102.764 -96.782 -96.944 -102.017 -104.740 -107.568 -93.528
-102.665 -103.532 -97.795 -96.365 -111.062 -100.332 -102.135 -93.550
-107.649 -106.222 -99.682 -96.521 -107.851 -98.589 -98.681 -94.286
-124.379 -111.367 -102.531 -97.290 -101.468 -98.558 -96.632 -95.631
-110.376 -111.545 -106.184 -98.594 -98.716 -99.947 -95.515 -97.186
-104.074 -106.389 -108.954 -100.353 -97.704 -101.921 -95.105 -97.985
-101.128 -103.626 -108.748 -102.448 -97.882 -100.955 -95.293 -97.475
-99.694 -102.619 -107.678 -104.709 -98.995 -97.426 -96.033 -96.529
-99.242 -102.689 -106.721 -107.020 -100.616 -94.492 -97.321 -96.023
-99.464 -102.738 -105.213 -109.586 -101.548 -92.582 -99.189 -96.303
-99.928 -101.311 -103.083 -113.317 -100.732 -91.553 -101.698 -97.529
-99.905 -98.854 -101.037 -121.870 -99.164 -91.289 -104.865 -99.835
-98.923 -96.660 -99.552 -121.192 -97.878 -91.747 -108.271 -102.920
-97.435 -95.198 -98.771 -111.121 -97.070 -92.945 -110.132 -103.994
-96.091 -94.536 -98.722 -106.204 -96.626 -94.982 -109.528 -101.752
-95.195 -94.684 -99.406 -102.993 -96.398 -98.094 -108.242 -99.691
-94.829 -95.672 -100.792 -100.746 -96.334 -102.874 -106.890 -98.774
-94.992 -97.493 -102.687 -99.195 -96.543 -111.409 -105.111 -98.967
-95.641 -99.667 -104.444 -98.223 -97.277 -115.734 -102.809 -100.215
-96.657 -100.294 -105.239 -97.778 -98.950 -107.425 -100.353 -102.427
-97.767 -98.680 -105.473 -97.830 -102.389 -103.346 -98.093 -104.938
-98.562 -96.929 -106.379 -98.348 -109.410 -100.366 -96.181 -105.851
-98.833 -96.011 -109.070 -99.247 -105.703 -97.970 -94.651 -105.223
-98.895 -96.072 -114.162 -100.300 -98.961 -96.185 -93.491 -105.285
-99.277 -97.159 -110.711 -101.089 -95.179 -95.076 -92.678 -107.491
-100.459 -99.311 -104.931 -101.276 -92.881 -94.690 -92.191 -115.473
-103.044 -101.991 -101.628 -101.054 -91.526 -95.085 -92.016 -114.375
-108.628 -102.427 -99.918 -100.940 -90.867 -96.362 -92.143 -104.367
-116.648 -100.226 -99.421 -101.346 -90.758 -98.650 -92.580 -99.922
-105.609 -98.368 -100.051 -102.538 -91.082 -101.641 -93.347 -97.457
-100.574 -97.622 -101.874 -104.692 -91.712 -102.557 -94.499 -96.206
-97.807 -97.965 -104.742 -107.415 -92.510 -100.166 -96.141 -95.888
-96.258 -99.195 -106.096 -107.871 -93.371 -97.906 -98.491 -96.352
-95.562 -100.392 -103.552 -105.341 -94.316 -96.709 -102.060 -97.403
-95.572 -99.685 -100.935 -103.078 -95.538 -96.516 -108.553 -98.505
-96.241 -97.522 -99.483 -101.919 -97.402 -97.221 -123.000 -98.693
-97.588 -95.656 -99.052 -101.877 -100.523 -98.698 -107.085 -97.750
-99.671 -94.658 -99.277 -103.015 -106.068 -100.527 -102.018 -96.581
-102.429 -94.636 -99.421 -105.508 -108.443 -101.626 -99.296 -95.868
-104.799 -95.738 -98.596 -108.547 -101.982 -101.328 -97.697 -95.847
-104.309 -98.402 -96.970 -106.910 -98.197 -100.629 -96.814 -96.607
-102.071 -104.063 -95.423 -102.869 -96.218 -100.410 -96.451 -98.227
-100.153 -109.364 -94.460 -99.963 -95.440 -100.728 -96.488 -100.715
-98.912 -100.509 -94.273 -98.169 -95.661 -100.937 -96.825 -103.381
-98.269 -95.996 -95.004 -97.229 -96.876 -100.119 -97.357 -103.773
-98.111 -93.555 -96.927 -96.993 -99.245 -98.488 -97.976 -101.996
