-92.444 -94.337 -105.542 -89.682 -105.159 -97.842 -95.912 -105.450
-92.444 -94.337 -105.542 -89.682 -105.159 -97.842 -95.912 -105.450
-92.444 -94.337 -105.542 -89.682 -105.159 -97.842 -95.912 -105.450
-92.444 -94.337 -105.542 -89.682 -105.159 -97.842 -95.912 -105.450
-92.444 -94.337 -105.542 -89.682 -105.159 -97.842 -95.912 -105.450
-92.444 -94.337 -105.542 -89.682 -105.159 -97.842 -95.912 -105.450
-92.444 -94.337 -105.542 -89.682 -105.159 -97.842 -95.912 -105.450
-92.444 -94.337 -105.542 -89.682 -105.159 -97.842 -95.912 -105.450
-92.444 -94.337 -105.542 -89.682 -105.159 -97.842 -95.912 -105.450
-92.444 -94.337 -105.542 -89.682 -105.159 -97.842 -95.912 -105.450
-92.444 -94.337 -105.542 -89.682 -105.159 -97.842 -95.912 -105.450
-92.444 -94.337 -105.542 -89.682 -105.159 -97.842 -95.912 -105.450
-92.444 -94.337 -105.542 -89.682 -105.159 -97.842 -95.912 -105.450
-92.444 -94.337 -105.542 -89.682 -105.159 -97.842 -95.912 -105.450
-92.444 -94.337 -105.542 -89.682 -105.159 -97.842 -95.912 -105.450
-92.444 -94.337 -105.542 -89.682 -105.159 -97.842 -95.912 -105.450
-92.444 -94.337 -105.542 -89.682 -105.159 -97.842 -95.912 -105.450
-92.444 -94.337 -105.542 -89.682 -105.159 -97.842 -95.912 -105.450
-92.444 -94.337 -105.542 -89.682 -105.159 -97.842 -95.912 -105.450
-92.444 -94.337 -105.542 -89.682 -105.159 -97.842 -95.912 -105.450
-92.444 -94.337 -105.542 -89.682 -105.159 -97.842 -95.912 -105.450
-92.444 -94.337 -105.542 -89.682 -105.159 -97.842 -95.912 -105.450
-92.444 -94.337 -105.542 -89.682 -105.159 -97.842 -95.912 -105.450
-92.444 -94.337 -105.542 -89.682 -105.159 -97.842 -95.912 -105.450
-92.444 -94.337 -105.542 -89.682 -105.159 -97.842 -95.912 -105.450
-92.444 -94.337 -105.542 -89.682 -105.159 -97.842 -95.912 -105.450
-92.444 -94.337 -105.542 -89.682 -105.159 -97.842 -95.912 -105.450
-92.444 -94.337 -105.542 -89.682 -105.159 -97.842 -95.912 -105.450
-92.444 -94.337 -105.542 -89.682 -105.159 -97.842 -95.912 -105.450
-92.444 -94.337 -105.542 -89.682 -105.159 -97.842 -95.912 -105.450
-92.444 -94.337 -105.542 -89.682 -105.159 -97.842 -95.912 -105.450
-92.444 -94.337 -105.542 -89.682 -105.159 -97.842 -95.912 -105.450
-92.444 -94.337 -105.542 -89.682 -105.159 -97.842 -95.912 -105.450
-92.444 -94.337 -105.542 -89.682 -105.159 -97.842 -95.912 -105.450
-92.444 -94.337 -105.542 -89.682 -105.159 -97.842 -95.912 -105.450
-92.444 -94.337 -105.542 -89.682 -105.159 -97.842 -95.912 -105.450
-92.444 -94.337 -105.542 -89.682 -105.159 -97.842 -95.912 -105.450
-92.444 -94.337 -105.542 -89.682 -105.159 -97.842 -95.912 -105.450
-92.444 -94.337 -105.542 -89.682 -105.159 -97.842 -95.912 -105.450
-92.444 -94.337 -105.542 -89.682 -105.159 -97.842 -95.912 -105.450
-92.444 -94.337 -105.542 -89.682 -105.159 -97.842 -95.912 -105.450
-92.444 -94.337 -105.542 -89.682 -105.159 -97.842 -95.912 -105.450
-92.444 -94.337 -105.542 -89.682 -105.159 -97.842 -95.912 -105.450
-92.444 -94.337 -105.542 -89.682 -105.159 -97.842 -95.912 -105.450
-92.444 -94.337 -105.542 -89.682 -105.159 -97.842 -95.912 -105.450
-92.444 -94.337 -105.542 -89.682 -105.159 -97.842 -95.912 -105.450
-92.444 -94.337 -105.542 -89.682 -105.159 -97.842 -95.912 -105.450
-92.444 -94.337 -105.542 -89.682 -105.159 -97.842 -95.912 -105.450
-92.444 -94.337 -105.542 -89.682 -105.159 -97.842 -95.912 -105.450
-92.444 -94.337 -105.542 -89.682 -105.159 -97.842 -95.912 -105.450
-92.444 -94.337 -105.542 -89.682 -105.159 -97.842 -95.912 -105.450
-92.444 -94.337 -105.542 -89.682 -105.159 -97.842 -95.912 -105.450
-92.444 -94.337 -105.542 -89.682 -105.159 -97.842 -95.912 -105.450
-92.444 -94.337 -105.542 -89.682 -105.159 -97.842 -95.912 -105.450
-92.444 -94.337 -105.542 -89.682 -105.159 -97.842 -95.912 -105.450
-92.444 -94.337 -105.542 -89.682 -105.159 -97.842 -95.912 -105.450
-92.444 -94.337 -105.542 -89.682 -105.159 -97.842 -95.912 -105.450
-92.444 -94.337 -105.542 -89.682 -105.159 -97.842 -95.912 -105.450
-92.444 -94.337 -105.542 -89.682 -105.159 -97.842 -95.912 -105.450
-92.444 -94.337 -105.542 -89.682 -105.159 -97.842 -95.912 -105.450
-92.444 -94.337 -105.542 -89.682 -105.159 -97.842 -95.912 -105.450
-92.444 -94.337 -105.542 -89.682 -105.159 -97.842 -95.912 -105.450
-92.444 -94.337 -105.542 -89.682 -105.159 -97.842 -95.912 -105.450
-92.444 -94.337 -105.542 -89.682 -105.159 -97.842 -95.912 -105.450
-92.444 -94.337 -105.542 -89.682 -105.159 -97.842 -95.912 -105.450
-92.444 -94.337 -105.542 -89.682 -105.159 -97.842 -95.912 -105.450
-92.444 -94.337 -105.542 -89.682 -105.159 -97.842 -95.912 -105.450
-92.444 -94.337 -105.542 -89.682 -105.159 -97.842 -95.912 -105.450
-92.444 -94.337 -105.542 -89.682 -105.159 -97.842 -95.912 -105.450
-92.444 -94.337 -105.542 -89.682 -105.159 -97.842 -95.912 -105.450
-92.444 -94.337 -105.542 -89.682 -105.159 -97.842 -95.912 -105.450
-92.444 -94.337 -105.542 -89.682 -105.159 -97.842 -95.912 -105.450
-92.444 -94.337 -105.542 -89.682 -105.159 -97.842 -95.912 -105.450
-92.444 -94.337 -105.542 -89.682 -105.159 -97.842 -95.912 -105.450
-92.444 -94.337 -105.542 -89.682 -105.159 -97.842 -95.912 -105.450
-92.444 -94.337 -105.542 -89.682 -105.159 -97.842 -95.912 -105.450
-92.444 -94.337 -105.542 -89.682 -105.159 -97.842 -95.912 -105.450
-92.444 -94.337 -105.542 -89.682 -105.159 -97.842 -95.912 -105.450
-92.444 -94.337 -105.542 -89.682 -105.159 -97.842 -95.912 -105.450
-92.444 -94.337 -105.542 -89.682 -105.159 -97.842 -95.912 -105.450
-92.444 -94.337 -105.542 -89.682 -105.159 -97.842 -95.912 -105.450
-92.444 -94.337 -105.542 -89.682 -105.159 -97.842 -95.912 -105.450
-92.444 -94.337 -105.542 -89.682 -105.159 -97.842 -95.912 -105.450
-92.444 -94.337 -105.542 -89.682 -105.159 -97.842 -95.912 -105.450
-92.444 -94.337 -105.542 -89.682 -105.159 -97.842 -95.912 -105.450
-92.444 -94.337 -105.542 -89.682 -105.159 -97.842 -95.912 -105.450
-92.444 -94.337 -105.542 -89.682 -105.159 -97.842 -95.912 -105.450
-92.444 -94.337 -105.542 -89.682 -105.159 -97.842 -95.912 -105.450
-92.444 -94.337 -105.542 -89.682 -105.159 -97.842 -95.912 -105.450
-92.444 -94.337 -105.542 -89.682 -105.159 -97.842 -95.912 -105.450
-92.444 -94.337 -105.542 -89.682 -105.159 -97.842 -95.912 -105.450
-92.444 -94.337 -105.542 -89.682 -105.159 -97.842 -95.912 -105.450
-92.444 -94.337 -105.542 -89.682 -105.159 -97.842 -95.912 -105.450
-92.444 -94.337 -105.542 -89.682 -105.159 -97.842 -95.912 -105.450
-92.444 -94.337 -105.542 -89.682 -105.159 -97.842 -95.912 -105.450
-92.444 -94.337 -105.542 -89.682 -105.159 -97.842 -95.912 -105.450
-92.444 -94.337 -105.542 -89.682 -105.159 -97.842 -95.912 -105.450
-92.444 -94.337 -105.542 -89.682 -105.159 -97.842 -95.912 -105.450
-92.444 -94.337 -105.542 -89.682 -105.159 -97.842 -95.912 -105.450
-92.444 -94.337 -105.542 -89.682 -105.159 -97.842 -95.912 -105.450
-92.444 -94.337 -105.542 -89.682 -105.159 -97.842 -95.912 -105.450
-92.444 -94.337 -105.542 -89.682 -105.159 -97.842 -95.912 -105.450
-92.444 -94.337 -105.542 -89.682 -105.159 -97.842 -95.912 -105.450
-92.444 -94.337 -105.542 -89.682 -105.159 -97.842 -95.912 -105.450
-92.444 -94.337 -105.542 -89.682 -105.159 -97.842 -95.912 -105.450
-92.444 -94.337 -105.542 -89.682 -105.159 -97.842 -95.912 -105.450
-92.444 -94.337 -105.542 -89.682 -105.159 -97.842 -95.912 -105.450
-92.444 -94.337 -105.542 -89.682 -105.159 -97.842 -95.912 -105.450
-92.444 -94.337 -105.542 -89.682 -105.159 -97.842 -95.912 -105.450
-92.444 -94.337 -105.542 -89.682 -105.159 -97.842 -95.912 -105.450
-92.444 -94.337 -105.542 -89.682 -105.159 -97.842 -95.912 -105.450
-92.444 -94.337 -105.542 -89.682 -105.159 -97.842 -95.912 -105.450
-92.444 -94.337 -105.542 -89.682 -105.159 -97.842 -95.912 -105.450
-92.444 -94.337 -105.542 -89.682 -105.159 -97.842 -95.912 -105.450
-92.444 -94.337 -105.542 -89.682 -105.159 -97.842 -95.912 -105.450
-92.444 -94.337 -105.542 -89.682 -105.159 -97.842 -95.912 -105.450
-92.444 -94.337 -105.542 -89.682 -105.159 -97.842 -95.912 -105.450
-92.444 -94.337 -105.542 -89.682 -105.159 -97.842 -95.912 -105.450
-92.444 -94.337 -105.542 -89.682 -105.159 -97.842 -95.912 -105.450
-92.444 -94.337 -105.542 -89.682 -105.159 -97.842 -95.912 -105.450
-92.444 -94.337 -105.542 -89.682 -105.159 -97.842 -95.912 -105.450
-92.444 -94.337 -105.542 -89.682 -105.159 -97.842 -95.912 -105.450
-92.444 -94.337 -105.542 -89.682 -105.159 -97.842 -95.912 -105.450
-92.444 -94.337 -105.542 -89.682 -105.159 -97.842 -95.912 -105.450
-92.444 -94.337 -105.542 -89.682 -105.159 -97.842 -95.912 -105.450
-92.444 -94.337 -105.542 -89.682 -105.159 -97.842 -95.912 -105.450
-92.444 -94.337 -105.542 -89.682 -105.159 -97.842 -95.912 -105.450
-92.444 -94.337 -105.542 -89.682 -105.159 -97.842 -95.912 -105.450
-92.444 -94.337 -105.542 -89.682 -105.159 -97.842 -95.912 -105.450
-92.444 -94.337 -105.542 -89.682 -105.159 -97.842 -95.912 -105.450
-92.444 -94.337 -105.542 -89.682 -105.159 -97.842 -95.912 -105.450
-92.444 -94.337 -105.542 -89.682 -105.159 -97.842 -95.912 -105.450
-92.444 -94.337 -105.542 -89.682 -105.159 -97.842 -95.912 -105.450
-92.444 -94.337 -105.542 -89.682 -105.159 -97.842 -95.912 -105.450
-92.444 -94.337 -105.542 -89.682 -105.159 -97.842 -95.912 -105.450
-92.444 -94.337 -105.542 -89.682 -105.159 -97.842 -95.912 -105.450
-92.444 -94.337 -105.542 -89.682 -105.159 -97.842 -95.912 -105.450
-92.444 -94.337 -105.542 -89.682 -105.159 -97.842 -95.912 -105.450
-92.444 -94.337 -105.542 -89.682 -105.159 -97.842 -95.912 -105.450
-92.444 -94.337 -105.542 -89.682 -105.159 -97.842 -95.912 -105.450
-92.444 -94.337 -105.542 -89.682 -105.159 -97.842 -95.912 -105.450
-92.444 -94.337 -105.542 -89.682 -105.159 -97.842 -95.912 -105.450
-92.444 -94.337 -105.542 -89.682 -105.159 -97.842 -95.912 -105.450
-92.444 -94.337 -105.542 -89.682 -105.159 -97.842 -95.912 -105.450
-92.444 -94.337 -105.542 -89.682 -105.159 -97.842 -95.912 -105.450
-92.444 -94.337 -105.542 -89.682 -105.159 -97.842 -95.912 -105.450
-92.444 -94.337 -105.542 -89.682 -105.159 -97.842 -95.912 -105.450
-92.444 -94.337 -105.542 -89.682 -105.159 -97.842 -95.912 -105.450
-92.444 -94.337 -105.542 -89.682 -105.159 -97.842 -95.912 -105.450
-92.444 -94.337 -105.542 -89.682 -105.159 -97.842 -95.912 -105.450
-92.444 -94.337 -105.542 -89.682 -105.159 -97.842 -95.912 -105.450
-92.444 -94.337 -105.542 -89.682 -105.159 -97.842 -95.912 -105.450
-92.444 -94.337 -105.542 -89.682 -105.159 -97.842 -95.912 -105.450
-92.444 -94.337 -105.542 -89.682 -105.159 -97.842 -95.912 -105.450
-92.444 -94.337 -105.542 -89.682 -105.159 -97.842 -95.912 -105.450
-92.444 -94.337 -105.542 -89.682 -105.159 -97.842 -95.912 -105.450
-92.444 -94.337 -105.542 -89.682 -105.159 -97.842 -95.912 -105.450
-92.444 -94.337 -105.542 -89.682 -105.159 -97.842 -95.912 -105.450
-92.444 -94.337 -105.542 -89.682 -105.159 -97.842 -95.912 -105.450
-92.444 -94.337 -105.542 -89.682 -105.159 -97.842 -95.912 -105.450
-92.444 -94.337 -105.542 -89.682 -105.159 -97.842 -95.912 -105.450
-92.444 -94.337 -105.542 -89.682 -105.159 -97.842 -95.912 -105.450
-92.444 -94.337 -105.542 -89.682 -105.159 -97.842 -95.912 -105.450
-92.444 -94.337 -105.542 -89.682 -105.159 -97.842 -95.912 -105.450
-92.444 -94.337 -105.542 -89.682 -105.159 -97.842 -95.912 -105.450
-92.444 -94.337 -105.542 -89.682 -105.159 -97.842 -95.912 -105.450
-92.444 -94.337 -105.542 -89.682 -105.159 -97.842 -95.912 -105.450
-92.444 -94.337 -105.542 -89.682 -105.159 -97.842 -95.912 -105.450
-92.444 -94.337 -105.542 -89.682 -105.159 -97.842 -95.912 -105.450
-92.444 -94.337 -105.542 -89.682 -105.159 -97.842 -95.912 -105.450
-92.444 -94.337 -105.542 -89.682 -105.159 -97.842 -95.912 -105.450
-92.444 -94.337 -105.542 -89.682 -105.159 -97.842 -95.912 -105.450
-92.444 -94.337 -105.542 -89.682 -105.159 -97.842 -95.912 -105.450
-92.444 -94.337 -105.542 -89.682 -105.159 -97.842 -95.912 -105.450
-92.444 -94.337 -105.542 -89.682 -105.159 -97.842 -95.912 -105.450
-92.444 -94.337 -105.542 -89.682 -105.159 -97.842 -95.912 -105.450
-92.444 -94.337 -105.542 -89.682 -105.159 -97.842 -95.912 -105.450
-92.444 -94.337 -105.542 -89.682 -105.159 -97.842 -95.912 -105.450
-92.444 -94.337 -105.542 -89.682 -105.159 -97.842 -95.912 -105.450
-92.444 -94.337 -105.542 -89.682 -105.159 -97.842 -95.912 -105.450
-115.738 -101.298 -96.222 -97.924 -96.328 -96.833 -105.055 -97.376
-113.284 -100.890 -95.962 -97.436 -95.979 -96.948 -103.760 -97.686
-111.151 -100.531 -95.737 -97.049 -95.684 -97.125 -102.669 -98.052
-109.363 -100.218 -95.546 -96.753 -95.446 -97.371 -101.742 -98.476
-107.862 -99.951 -95.388 -96.537 -95.268 -97.694 -100.952 -98.965
-106.591 -99.727 -95.262 -96.396 -95.151 -98.104 -100.281 -99.521
-105.507 -99.545 -95.169 -96.323 -95.097 -98.615 -99.714 -100.150
-104.578 -99.402 -95.108 -96.314 -95.107 -99.242 -99.240 -100.857
-103.780 -99.297 -95.080 -96.365 -95.182 -100.007 -98.854 -101.642
-103.094 -99.227 -95.084 -96.472 -95.324 -100.939 -98.548 -102.506
-102.508 -99.193 -95.122 -96.633 -95.537 -102.074 -98.320 -103.435
-102.011 -99.192 -95.194 -96.843 -95.823 -103.461 -98.165 -104.401
-101.594 -99.223 -95.300 -97.101 -96.188 -105.150 -98.084 -105.343
-101.253 -99.286 -95.443 -97.401 -96.638 -107.135 -98.075 -106.155
-100.980 -99.379 -95.624 -97.740 -97.182 -109.106 -98.138 -106.693
-100.773 -99.502 -95.845 -98.114 -97.831 -109.929 -98.275 -106.833
-100.628 -99.654 -96.109 -98.514 -98.600 -108.642 -98.489 -106.552
-100.542 -99.835 -96.417 -98.936 -99.511 -106.313 -98.782 -105.949
-100.514 -100.044 -96.774 -99.368 -100.593 -104.014 -99.159 -105.172
-100.541 -100.282 -97.183 -99.802 -101.892 -102.017 -99.625 -104.343
-100.622 -100.547 -97.651 -100.225 -103.475 -100.319 -100.185 -103.539
-100.757 -100.839 -98.183 -100.628 -105.454 -98.870 -100.844 -102.802
-100.943 -101.159 -98.787 -100.998 -108.021 -97.622 -101.608 -102.148
-101.182 -101.504 -99.474 -101.328 -111.503 -96.539 -102.473 -101.585
-101.471 -101.873 -100.257 -101.615 -115.946 -95.594 -103.423 -101.112
-101.810 -102.266 -101.153 -101.857 -116.577 -94.765 -104.409 -100.730
-102.200 -102.678 -102.185 -102.062 -112.260 -94.037 -105.324 -100.434
-102.639 -103.107 -103.386 -102.237 -108.678 -93.399 -105.985 -100.224
-103.127 -103.547 -104.800 -102.396 -106.066 -92.840 -106.174 -100.097
-103.664 -103.991 -106.492 -102.554 -104.080 -92.354 -105.793 -100.054
-104.249 -104.429 -108.549 -102.724 -102.506 -91.934 -104.953 -100.095
-104.884 -104.849 -111.060 -102.922 -101.222 -91.576 -103.873 -100.220
-105.569 -105.237 -113.878 -103.162 -100.155 -91.276 -102.730 -100.431
-106.308 -105.577 -115.598 -103.458 -99.254 -91.031 -101.626 -100.732
-107.105 -105.855 -114.228 -103.824 -98.485 -90.839 -100.605 -101.123
-107.970 -106.056 -111.508 -104.273 -97.826 -90.697 -99.682 -101.606
-108.917 -106.174 -109.037 -104.821 -97.256 -90.605 -98.856 -102.180
-109.968 -106.205 -107.025 -105.489 -96.763 -90.560 -98.123 -102.834
-111.153 -106.156 -105.390 -106.298 -96.335 -90.563 -97.477 -103.544
-112.519 -106.039 -104.042 -107.281 -95.963 -90.612 -96.910 -104.258
-114.114 -105.867 -102.916 -108.478 -95.640 -90.706 -96.416 -104.880
-115.963 -105.659 -101.965 -109.949 -95.359 -90.846 -95.990 -105.270
-117.891 -105.429 -101.156 -111.767 -95.116 -91.031 -95.626 -105.285
-119.051 -105.192 -100.466 -113.997 -94.905 -91.261 -95.320 -104.868
-118.194 -104.961 -99.878 -116.490 -94.724 -91.534 -95.068 -104.088
-115.854 -104.743 -99.378 -118.087 -94.568 -91.850 -94.868 -103.093
-113.298 -104.546 -98.957 -117.011 -94.436 -92.207 -94.716 -102.015
-110.983 -104.374 -98.607 -114.448 -94.327 -92.603 -94.610 -100.944
-108.958 -104.231 -98.322 -111.974 -94.237 -93.035 -94.547 -99.928
-107.182 -104.118 -98.098 -109.910 -94.168 -93.496 -94.527 -98.987
-105.612 -104.037 -97.931 -108.217 -94.118 -93.978 -94.546 -98.129
-104.210 -103.987 -97.819 -106.815 -94.089 -94.472 -94.603 -97.352
-102.948 -103.966 -97.760 -105.642 -94.079 -94.961 -94.698 -96.655
-101.807 -103.973 -97.753 -104.654 -94.092 -95.428 -94.826 -96.032
-100.770 -104.003 -97.796 -103.818 -94.127 -95.852 -94.989 -95.480
-99.826 -104.053 -97.890 -103.110 -94.187 -96.209 -95.183 -94.993
-98.964 -104.116 -98.035 -102.513 -94.275 -96.481 -95.406 -94.569
-98.179 -104.186 -98.232 -102.013 -94.392 -96.656 -95.657 -94.205
-97.463 -104.253 -98.483 -101.600 -94.541 -96.732 -95.934 -93.897
-96.813 -104.309 -98.788 -101.266 -94.725 -96.717 -96.233 -93.643
-96.223 -104.343 -99.152 -101.004 -94.948 -96.629 -96.553 -93.441
-95.691 -104.345 -99.575 -100.810 -95.212 -96.490 -96.890 -93.291
-95.214 -104.306 -100.062 -100.680 -95.523 -96.324 -97.241 -93.190
-94.791 -104.219 -100.615 -100.610 -95.884 -96.153 -97.603 -93.139
-94.418 -104.082 -101.237 -100.599 -96.299 -95.994 -97.972 -93.137
-94.096 -103.893 -101.927 -100.642 -96.775 -95.862 -98.346 -93.184
-93.823 -103.658 -102.682 -100.740 -97.316 -95.768 -98.720 -93.280
-93.598 -103.383 -103.489 -100.891 -97.927 -95.721 -99.092 -93.426
-93.421 -103.075 -104.318 -101.094 -98.613 -95.727 -99.459 -93.623
-93.292 -102.746 -105.111 -101.348 -99.376 -95.793 -99.820 -93.873
-93.210 -102.404 -105.772 -101.652 -100.214 -95.923 -100.174 -94.177
-93.176 -102.058 -106.177 -102.006 -101.113 -96.122 -100.521 -94.537
-93.192 -101.715 -106.213 -102.408 -102.039 -96.396 -100.860 -94.956
-93.256 -101.382 -105.855 -102.858 -102.923 -96.749 -101.192 -95.437
-93.372 -101.063 -105.176 -103.355 -103.649 -97.189 -101.517 -95.982
-93.539 -100.763 -104.302 -103.895 -104.065 -97.721 -101.836 -96.596
-93.759 -100.484 -103.346 -104.476 -104.056 -98.355 -102.146 -97.282
-94.035 -100.228 -102.385 -105.091 -103.624 -99.098 -102.446 -98.042
-94.368 -99.997 -101.459 -105.735 -102.887 -99.957 -102.730 -98.876
-94.758 -99.790 -100.590 -106.394 -101.996 -100.935 -102.991 -99.778
-95.207 -99.609 -99.783 -107.055 -101.067 -102.021 -103.221 -100.736
-95.715 -99.453 -99.041 -107.697 -100.168 -103.170 -103.408 -101.717
-96.278 -99.321 -98.360 -108.295 -99.334 -104.271 -103.542 -102.663
-96.890 -99.212 -97.738 -108.824 -98.577 -105.107 -103.610 -103.480
-97.536 -99.127 -97.170 -109.256 -97.900 -105.407 -103.605 -104.050
-98.190 -99.063 -96.654 -109.572 -97.301 -105.046 -103.525 -104.276
-98.812 -99.019 -96.184 -109.763 -96.777 -104.177 -103.373 -104.142
-99.344 -98.994 -95.759 -109.832 -96.321 -103.074 -103.156 -103.723
-99.714 -98.987 -95.376 -109.794 -95.929 -101.939 -102.887 -103.138
-99.859 -98.995 -95.031 -109.671 -95.596 -100.877 -102.581 -102.493
-99.749 -99.017 -94.725 -109.486 -95.316 -99.926 -102.253 -101.860
-99.405 -99.051 -94.453 -109.260 -95.086 -99.097 -101.918 -101.280
-98.885 -99.096 -94.216 -109.009 -94.899 -98.385 -101.587 -100.774
-98.261 -99.150 -94.012 -108.743 -94.752 -97.785 -101.272 -100.350
-97.594 -99.212 -93.840 -108.469 -94.640 -97.290 -100.980 -100.013
-96.930 -99.279 -93.699 -108.190 -94.557 -96.891 -100.718 -99.763
-96.297 -99.352 -93.589 -107.907 -94.497 -96.585 -100.491 -99.599
-95.711 -99.429 -93.509 -107.618 -94.455 -96.367 -100.303 -99.521
-95.181 -99.509 -93.458 -107.320 -94.425 -96.235 -100.156 -99.530
-94.712 -99.592 -93.438 -107.011 -94.399 -96.186 -100.053 -99.626
-94.303 -99.678 -93.448 -106.686 -94.371 -96.222 -99.997 -99.811
-93.955 -99.766 -93.488 -106.344 -94.335 -96.343 -99.988 -100.091
-93.668 -99.856 -93.558 -105.981 -94.286 -96.553 -100.028 -100.472
-93.439 -99.949 -93.660 -105.595 -94.217 -96.856 -100.119 -100.962
-93.267 -100.044 -93.792 -105.186 -94.126 -97.260 -100.263 -101.573
-93.153 -100.141 -93.957 -104.752 -94.012 -97.776 -100.462 -102.324
-93.094 -100.240 -94.156 -104.294 -93.875 -98.416 -100.717 -103.239
-93.090 -100.339 -94.388 -103.813 -93.717 -99.203 -101.030 -104.352
-93.142 -100.437 -94.657 -103.311 -93.541 -100.164 -101.406 -105.712
-93.250 -100.533 -94.963 -102.791 -93.353 -101.345 -101.846 -107.393
-93.414 -100.623 -95.309 -102.255 -93.157 -102.812 -102.355 -109.489
-93.636 -100.704 -95.696 -101.707 -92.960 -104.678 -102.936 -112.065
-93.917 -100.774 -96.128 -101.151 -92.767 -107.142 -103.596 -114.729
-94.260 -100.827 -96.608 -100.590 -92.583 -110.581 -104.341 -115.438
-94.668 -100.860 -97.140 -100.028 -92.414 -115.415 -105.177 -113.217
-95.144 -100.868 -97.729 -99.468 -92.265 -116.934 -106.114 -110.419
-95.694 -100.848 -98.381 -98.914 -92.138 -111.963 -107.161 -108.042
-96.323 -100.798 -99.104 -98.368 -92.038 -107.996 -108.333 -106.118
-97.040 -100.717 -99.907 -97.834 -91.967 -105.182 -109.642 -104.551
-97.854 -100.604 -100.804 -97.313 -91.929 -103.065 -111.108 -103.255
-98.779 -100.463 -101.811 -96.809 -91.926 -101.398 -112.749 -102.171
-99.831 -100.297 -102.952 -96.322 -91.961 -100.045 -114.583 -101.258
-101.035 -100.109 -104.260 -95.855 -92.036 -98.926 -116.621 -100.486
-102.424 -99.907 -105.786 -95.410 -92.153 -97.988 -118.838 -99.834
-104.046 -99.695 -107.609 -94.986 -92.316 -97.198 -121.101 -99.284
-105.975 -99.480 -109.871 -94.586 -92.526 -96.532 -123.039 -98.826
-108.339 -99.267 -112.852 -94.210 -92.788 -95.971 -124.022 -98.450
-111.365 -99.061 -117.263 -93.859 -93.106 -95.503 -123.719 -98.149
-115.523 -98.868 -126.147 -93.533 -93.483 -95.118 -122.495 -97.918
-121.550 -98.692 -129.037 -93.234 -93.925 -94.808 -120.827 -97.753
-123.173 -98.536 -118.673 -92.961 -94.440 -94.568 -118.960 -97.649
-117.909 -98.404 -114.238 -92.716 -95.035 -94.392 -117.011 -97.607
-114.451 -98.298 -111.435 -92.497 -95.721 -94.277 -115.057 -97.622
-112.288 -98.220 -109.415 -92.307 -96.513 -94.220 -113.156 -97.696
-110.894 -98.174 -107.858 -92.145 -97.430 -94.219 -111.345 -97.828
-110.023 -98.159 -106.606 -92.012 -98.497 -94.272 -109.645 -98.019
-109.554 -98.178 -105.571 -91.908 -99.751 -94.379 -108.062 -98.270
-109.430 -98.232 -104.698 -91.833 -101.249 -94.538 -106.596 -98.583
-109.631 -98.322 -103.950 -91.788 -103.076 -94.750 -105.242 -98.963
-110.165 -98.449 -103.299 -91.774 -105.373 -95.014 -103.993 -99.413
-111.064 -98.612 -102.726 -91.790 -108.375 -95.331 -102.842 -99.940
-112.374 -98.813 -102.218 -91.838 -112.318 -95.702 -101.782 -100.553
-114.091 -99.052 -101.761 -91.917 -115.391 -96.128 -100.807 -101.261
-115.843 -99.326 -101.347 -92.029 -112.719 -96.611 -99.910 -102.082
-116.204 -99.635 -100.969 -92.173 -108.920 -97.154 -99.085 -103.037
-114.225 -99.976 -100.620 -92.351 -106.059 -97.758 -98.330 -104.155
-111.399 -100.343 -100.296 -92.564 -103.919 -98.427 -97.638 -105.484
-108.778 -100.732 -99.994 -92.810 -102.260 -99.164 -97.006 -107.097
-106.540 -101.132 -99.709 -93.092 -100.937 -99.973 -96.433 -109.120
-104.641 -101.533 -99.441 -93.409 -99.861 -100.857 -95.913 -111.801
-103.015 -101.917 -99.188 -93.760 -98.978 -101.821 -95.446 -115.733
-101.608 -102.269 -98.950 -94.146 -98.250 -102.864 -95.029 -123.126
-100.379 -102.567 -98.725 -94.564 -97.650 -103.982 -94.661 -132.314
-99.300 -102.795 -98.513 -95.011 -97.159 -105.161 -94.340 -118.662
-98.347 -102.938 -98.315 -95.483 -96.765 -106.366 -94.064 -113.630
-97.504 -102.989 -98.131 -95.973 -96.456 -107.525 -93.834 -110.507
-96.757 -102.953 -97.962 -96.470 -96.225 -108.522 -93.648 -108.257
-96.097 -102.840 -97.807 -96.961 -96.066 -109.205 -93.506 -106.513
-95.515 -102.666 -97.668 -97.427 -95.975 -109.455 -93.407 -105.100
-95.005 -102.454 -97.545 -97.844 -95.947 -109.269 -93.352 -103.925
-94.561 -102.221 -97.438 -98.189 -95.981 -108.761 -93.341 -102.929
-94.179 -101.986 -97.347 -98.437 -96.075 -108.078 -93.375 -102.073
-93.855 -101.763 -97.274 -98.572 -96.229 -107.334 -93.453 -101.332
-93.586 -101.563 -97.217 -98.587 -96.442 -106.595 -93.577 -100.687
-93.370 -101.395 -97.178 -98.486 -96.715 -105.894 -93.749 -100.124
-93.205 -101.265 -97.155 -98.288 -97.050 -105.241 -93.970 -99.633
-93.089 -101.178 -97.148 -98.014 -97.448 -104.640 -94.242 -99.206
-93.021 -101.136 -97.158 -97.691 -97.914 -104.085 -94.568 -98.838
-93.000 -101.142 -97.184 -97.340 -98.451 -103.574 -94.951 -98.523
-93.026 -101.198 -97.224 -96.981 -99.065 -103.101 -95.395 -98.258
-93.097 -101.303 -97.279 -96.628 -99.764 -102.662 -95.904 -98.040
-93.214 -101.457 -97.347 -96.292 -100.558 -102.255 -96.486 -97.868
-93.377 -101.660 -97.428 -95.980 -101.461 -101.877 -97.149 -97.740
-93.587 -101.908 -97.521 -95.697 -102.490 -101.527 -97.901 -97.654
-93.843 -102.198 -97.624 -95.446 -103.670 -101.205 -98.756 -97.611
-94.147 -102.523 -97.738 -95.229 -105.036 -100.912 -99.731 -97.611
-94.499 -102.875 -97.860 -95.046 -106.634 -100.647 -100.851 -97.653
-94.901 -103.240 -97.990 -94.898 -108.532 -100.412 -102.150 -97.739
-95.355 -103.603 -98.128 -94.786 -110.809 -100.209 -103.677 -97.868
-95.862 -103.941 -98.273 -94.708 -113.481 -100.038 -105.516 -98.044
-96.426 -104.230 -98.425 -94.665 -116.066 -99.902 -107.806 -98.267
-97.048 -104.445 -98.584 -94.656 -116.729 -99.802 -110.832 -98.539
-97.733 -104.568 -98.750 -94.681 -114.859 -99.739 -115.304 -98.863
-98.483 -104.588 -98.923 -94.740 -112.431 -99.716 -124.240 -99.242
-99.306 -104.506 -99.105 -94.833 -110.335 -99.733 -126.978 -99.677
-100.205 -104.337 -99.297 -94.959 -108.637 -99.793 -116.932 -100.174
-101.187 -104.104 -99.500 -95.118 -107.262 -99.896 -112.656 -100.734
-102.262 -103.832 -99.716 -95.310 -106.137 -100.046 -110.022 -101.362
-103.438 -103.547 -99.947 -95.535 -105.207 -100.244 -108.195 -102.058
-104.728 -103.272 -100.195 -95.793 -104.434 -100.492 -106.860 -102.824
-106.145 -103.024 -100.464 -96.083 -103.791 -100.793 -105.864 -103.653
-107.702 -102.820 -100.755 -96.404 -103.255 -101.148 -105.122 -104.533
-109.411 -102.669 -101.071 -96.755 -102.813 -101.562 -104.584 -105.432
-111.270 -102.583 -101.417 -97.135 -102.452 -102.038 -104.218 -106.297
-113.234 -102.568 -101.794 -97.538 -102.164 -102.580 -104.001 -107.041
-115.151 -102.635 -102.207 -97.962 -101.942 -103.192 -103.921 -107.559
-116.679 -102.791 -102.660 -98.397 -101.781 -103.880 -103.968 -107.759
-117.379 -103.047 -103.156 -98.833 -101.676 -104.652 -104.137 -107.619
-117.159 -103.416 -103.700 -99.256 -101.624 -105.517 -104.425 -107.202
-116.391 -103.915 -104.297 -99.648 -101.624 -106.485 -104.831 -106.613
-115.464 -104.567 -104.950 -99.986 -101.672 -107.572 -105.352 -105.955
-114.571 -105.405 -105.664 -100.249 -101.769 -108.798 -105.983 -105.298
-113.771 -106.478 -106.443 -100.414 -101.912 -110.191 -106.708 -104.688
-113.064 -107.857 -107.288 -100.468 -102.100 -111.795 -107.492 -104.146
-112.436 -109.662 -108.196 -100.405 -102.334 -113.673 -108.264 -103.684
-111.869 -112.079 -109.156 -100.233 -102.611 -115.930 -108.902 -103.307
-111.347 -115.312 -110.141 -99.967 -102.930 -118.729 -109.242 -103.016
-110.864 -118.404 -111.097 -99.631 -103.289 -122.229 -109.153 -102.813
-110.416 -116.844 -111.933 -99.248 -103.682 -125.504 -108.632 -102.697
-110.004 -112.889 -112.530 -98.840 -104.105 -124.472 -107.803 -102.670
-109.634 -109.612 -112.777 -98.425 -104.549 -120.884 -106.828 -102.733
-109.310 -107.068 -112.635 -98.017 -105.002 -117.755 -105.831 -102.890
-109.040 -105.032 -112.170 -97.626 -105.446 -115.242 -104.883 -103.145
-108.830 -103.354 -111.500 -97.261 -105.864 -113.147 -104.018 -103.506
-108.684 -101.939 -110.740 -96.926 -106.230 -111.331 -103.248 -103.983
-108.605 -100.725 -109.967 -96.626 -106.524 -109.710 -102.577 -104.590
-108.593 -99.674 -109.225 -96.362 -106.727 -108.232 -102.003 -105.345
-108.641 -98.756 -108.536 -96.137 -106.830 -106.869 -101.523 -106.273
-108.735 -97.950 -107.907 -95.952 -106.836 -105.602 -101.133 -107.408
-108.848 -97.243 -107.339 -95.808 -106.761 -104.419 -100.830 -108.793
-108.936 -96.622 -106.830 -95.705 -106.627 -103.312 -100.613 -110.470
-108.939 -96.078 -106.376 -95.645 -106.462 -102.277 -100.481 -112.426
-108.783 -95.604 -105.971 -95.628 -106.291 -101.308 -100.434 -114.380
-108.406 -95.196 -105.613 -95.656 -106.140 -100.404 -100.474 -115.335
-107.784 -94.848 -105.296 -95.729 -106.028 -99.560 -100.604 -114.340
-106.945 -94.558 -105.018 -95.850 -105.975 -98.774 -100.829 -112.236
-105.949 -94.322 -104.776 -96.020 -105.994 -98.045 -101.158 -110.079
-104.869 -94.138 -104.568 -96.241 -106.103 -97.369 -101.602 -108.192
-103.764 -94.006 -104.392 -96.516 -106.315 -96.746 -102.176 -106.596
-102.677 -93.923 -104.247 -96.849 -106.648 -96.174 -102.905 -105.249
-101.632 -93.889 -104.135 -97.244 -107.124 -95.650 -103.821 -104.108
-100.645 -93.904 -104.055 -97.706 -107.770 -95.174 -104.977 -103.136
-99.722 -93.969 -104.010 -98.241 -108.621 -94.744 -106.457 -102.306
-98.866 -94.082 -104.000 -98.856 -109.724 -94.360 -108.412 -101.599
-98.077 -94.247 -104.030 -99.563 -111.132 -94.021 -111.146 -100.999
-97.353 -94.463 -104.104 -100.373 -112.867 -93.725 -115.436 -100.493
-96.693 -94.734 -104.225 -101.303 -114.728 -93.473 -124.221 -100.072
-96.095 -95.061 -104.400 -102.372 -115.764 -93.265 -122.156 -99.730
-95.557 -95.447 -104.636 -103.608 -114.695 -93.099 -114.125 -99.459
-95.077 -95.898 -104.941 -105.042 -112.245 -92.977 -109.828 -99.255
-94.653 -96.418 -105.328 -106.706 -109.693 -92.898 -106.907 -99.114
-94.285 -97.013 -105.810 -108.607 -107.437 -92.863 -104.698 -99.033
-93.972 -97.693 -106.407 -110.626 -105.497 -92.874 -102.929 -99.007
-93.712 -98.467 -107.142 -112.257 -103.823 -92.930 -101.461 -99.035
-93.506 -99.351 -108.053 -112.559 -102.364 -93.033 -100.214 -99.112
-93.353 -100.363 -109.190 -111.373 -101.080 -93.186 -99.137 -99.235
-93.255 -101.528 -110.634 -109.608 -99.941 -93.389 -98.197 -99.399
-93.212 -102.884 -112.516 -107.894 -98.925 -93.647 -97.371 -99.599
-93.225 -104.481 -115.063 -106.408 -98.015 -93.962 -96.639 -99.826
-93.296 -106.394 -118.602 -105.159 -97.197 -94.338 -95.990 -100.071
-93.428 -108.725 -122.290 -104.117 -96.462 -94.780 -95.413 -100.322
-93.624 -111.554 -120.259 -103.249 -95.800 -95.294 -94.901 -100.562
-93.887 -114.532 -115.819 -102.527 -95.206 -95.886 -94.446 -100.775
-94.223 -115.575 -112.378 -101.929 -94.674 -96.565 -94.044 -100.940
-94.638 -113.528 -109.758 -101.439 -94.200 -97.341 -93.690 -101.041
-95.139 -110.874 -107.673 -101.042 -93.781 -98.225 -93.380 -101.063
-95.735 -108.666 -105.954 -100.726 -93.413 -99.226 -93.112 -100.998
-96.438 -106.927 -104.500 -100.483 -93.095 -100.351 -92.883 -100.847
-97.260 -105.554 -103.249 -100.304 -92.826 -101.591 -92.691 -100.618
-98.216 -104.457 -102.160 -100.182 -92.602 -102.901 -92.534 -100.328
-99.317 -103.576 -101.204 -100.108 -92.424 -104.145 -92.410 -99.992
-100.563 -102.868 -100.361 -100.076 -92.291 -105.051 -92.319 -99.629
-101.917 -102.303 -99.615 -100.078 -92.202 -105.281 -92.258 -99.255
-103.239 -101.858 -98.957 -100.106 -92.157 -104.735 -92.227 -98.883
-104.208 -101.517 -98.376 -100.152 -92.158 -103.668 -92.226 -98.523
-104.393 -101.266 -97.868 -100.207 -92.203 -102.410 -92.253 -98.183
-103.667 -101.096 -97.425 -100.262 -92.295 -101.166 -92.309 -97.868
-102.382 -100.996 -97.046 -100.309 -92.435 -100.019 -92.392 -97.581
-100.941 -100.957 -96.726 -100.338 -92.624 -98.994 -92.503 -97.324
-99.561 -100.972 -96.464 -100.344 -92.865 -98.091 -92.642 -97.098
-98.316 -101.031 -96.259 -100.323 -93.161 -97.299 -92.809 -96.903
-97.220 -101.122 -96.108 -100.271 -93.516 -96.608 -93.004 -96.737
-96.265 -101.234 -96.013 -100.191 -93.934 -96.008 -93.227 -96.601
-95.437 -101.353 -95.973 -100.086 -94.421 -95.489 -93.480 -96.492
-94.723 -101.461 -95.989 -99.961 -94.984 -95.044 -93.763 -96.407
-94.111 -101.542 -96.062 -99.823 -95.634 -94.666 -94.077 -96.345
-93.592 -101.578 -96.196 -99.681 -96.382 -94.350 -94.423 -96.303
-93.157 -101.552 -96.391 -99.542 -97.244 -94.091 -94.804 -96.278
-92.800 -101.455 -96.653 -99.414 -98.241 -93.886 -95.221 -96.267
-92.516 -101.281 -96.986 -99.304 -99.400 -93.731 -95.676 -96.266
-92.302 -101.032 -97.396 -99.218 -100.757 -93.624 -96.173 -96.273
-92.154 -100.719 -97.892 -99.161 -102.356 -93.563 -96.716 -96.285
-92.072 -100.355 -98.483 -99.139 -104.233 -93.547 -97.308 -96.298
-92.053 -99.955 -99.182 -99.155 -106.351 -93.575 -97.956 -96.310
-92.098 -99.534 -100.006 -99.213 -108.331 -93.644 -98.666 -96.319
-92.206 -99.106 -100.978 -99.318 -109.075 -93.756 -99.447 -96.324
-92.380 -98.683 -102.125 -99.471 -107.909 -93.911 -100.310 -96.325
-92.620 -98.274 -103.482 -99.678 -105.861 -94.107 -101.272 -96.321
-92.931 -97.885 -105.081 -99.940 -103.840 -94.346 -102.352 -96.314
-93.315 -97.522 -106.918 -100.263 -102.085 -94.629 -103.581 -96.306
-93.779 -97.188 -108.821 -100.649 -100.601 -94.957 -105.000 -96.298
-94.329 -96.886 -110.135 -101.102 -99.345 -95.332 -106.677 -96.295
-94.973 -96.617 -109.900 -101.629 -98.274 -95.756 -108.724 -96.299
-95.724 -96.383 -108.299 -102.232 -97.355 -96.231 -111.355 -96.313
-96.595 -96.185 -106.323 -102.917 -96.563 -96.762 -115.046 -96.342
-97.604 -96.023 -104.483 -103.686 -95.877 -97.351 -121.286 -96.388
-98.775 -95.899 -102.890 -104.541 -95.283 -98.002 -132.796 -96.455
-100.132 -95.811 -101.533 -105.473 -94.770 -98.721 -120.291 -96.547
-101.696 -95.762 -100.377 -106.462 -94.328 -99.510 -114.861 -96.665
-103.454 -95.753 -99.389 -107.462 -93.949 -100.372 -111.603 -96.814
-105.268 -95.783 -98.543 -108.386 -93.629 -101.301 -109.300 -96.996
-106.678 -95.855 -97.817 -109.100 -93.363 -102.285 -107.535 -97.212
-106.943 -95.970 -97.196 -109.459 -93.146 -103.286 -106.113 -97.463
-105.937 -96.130 -96.668 -109.392 -92.975 -104.233 -104.933 -97.751
-104.361 -96.337 -96.223 -108.950 -92.849 -105.003 -103.929 -98.074
-102.770 -96.596 -95.853 -108.273 -92.765 -105.441 -103.061 -98.431
-101.360 -96.909 -95.553 -107.501 -92.722 -105.434 -102.301 -98.815
-100.160 -97.282 -95.317 -106.728 -92.718 -104.989 -101.628 -99.220
-99.155 -97.721 -95.143 -106.006 -92.753 -104.235 -101.027 -99.631
-98.320 -98.232 -95.027 -105.361 -92.826 -103.324 -100.488 -100.030
-97.632 -98.827 -94.967 -104.799 -92.937 -102.371 -100.001 -100.391
-97.072 -99.518 -94.961 -104.321 -93.085 -101.443 -99.560 -100.681
-96.626 -100.321 -95.008 -103.923 -93.271 -100.572 -99.160 -100.869
-96.282 -101.258 -95.108 -103.600 -93.494 -99.770 -98.796 -100.925
-96.032 -102.360 -95.259 -103.346 -93.756 -99.039 -98.466 -100.834
-95.870 -103.670 -95.462 -103.154 -94.057 -98.378 -98.167 -100.599
-95.791 -105.246 -95.717 -103.017 -94.397 -97.783 -97.898 -100.239
-95.791 -107.167 -96.023 -102.927 -94.777 -97.249 -97.658 -99.785
-95.870 -109.502 -96.381 -102.877 -95.197 -96.772 -97.446 -99.270
-96.025 -112.098 -96.790 -102.860 -95.657 -96.348 -97.262 -98.726
